2025-11-14 19:53:55,591 - INFO - Admin initialized: ashton
2025-11-14 19:54:05,881 - INFO - Admin authenticated: ashton
2025-11-14 19:54:05,883 - INFO - Admin authenticated: ashton
2025-11-14 19:54:05,887 - INFO - License issued by ashton: AI-INV-5A24D148D02C for AI-Investor Commercial User 1
2025-11-14 19:54:05,887 - INFO - Admin authenticated: ashton
2025-11-14 19:54:05,889 - INFO - License issued by ashton: AI-INV-53F6E215E2F8 for AI-Investor Commercial User 2
2025-11-14 19:54:05,890 - INFO - Admin authenticated: ashton
2025-11-14 19:54:05,892 - INFO - License issued by ashton: AI-INV-47950D5B0620 for AI-Investor Commercial User 3
2025-11-14 19:54:05,892 - INFO - Admin authenticated: ashton
2025-11-14 19:54:05,894 - INFO - License issued by ashton: AI-INV-D221B95DEFC1 for AI-Investor Commercial User 4
2025-11-14 19:54:05,894 - INFO - Admin authenticated: ashton
2025-11-14 19:54:05,896 - INFO - License issued by ashton: AI-INV-642083497480 for AI-Investor Commercial User 5
2025-11-14 19:54:05,896 - INFO - Admin authenticated: ashton
2025-11-14 19:54:05,897 - INFO - License issued by ashton: AI-INV-A258731FBBB8 for AI-Investor Commercial User 6
2025-11-14 19:54:05,898 - INFO - Admin authenticated: ashton
2025-11-14 19:54:05,900 - INFO - License issued by ashton: AI-INV-B33D4C617E47 for AI-Investor Commercial User 7
2025-11-14 19:54:05,900 - INFO - Admin authenticated: ashton
2025-11-14 19:54:05,902 - INFO - License issued by ashton: AI-INV-181EC5600891 for AI-Investor Commercial User 8
2025-11-14 19:54:05,903 - INFO - Admin authenticated: ashton
2025-11-14 19:54:05,905 - INFO - License issued by ashton: AI-INV-8E1F2B48E2C7 for AI-Investor Commercial User 9
2025-11-14 19:54:05,906 - INFO - Admin authenticated: ashton
2025-11-14 19:54:05,910 - INFO - License issued by ashton: AI-INV-3BDE5A32288E for AI-Investor Commercial User 10
2025-11-14 19:54:05,910 - INFO - Admin authenticated: ashton
2025-11-14 19:54:05,913 - INFO - License issued by ashton: AI-INV-6DDE5225CE35 for AI-Investor Commercial User 11
2025-11-14 19:54:05,913 - INFO - Admin authenticated: ashton
2025-11-14 19:54:05,915 - INFO - License issued by ashton: AI-INV-882F2D40A0B4 for AI-Investor Commercial User 12
2025-11-14 19:54:05,915 - INFO - Admin authenticated: ashton
2025-11-14 19:54:05,917 - INFO - License issued by ashton: AI-INV-03A725CC2301 for AI-Investor Commercial User 13
2025-11-14 19:54:05,917 - INFO - Admin authenticated: ashton
2025-11-14 19:54:05,920 - INFO - License issued by ashton: AI-INV-A4E0E62A1062 for AI-Investor Commercial User 14
2025-11-14 19:54:05,920 - INFO - Admin authenticated: ashton
2025-11-14 19:54:05,923 - INFO - License issued by ashton: AI-INV-E16B13607BD3 for AI-Investor Commercial User 15
2025-11-14 19:54:05,923 - INFO - Admin authenticated: ashton
2025-11-14 19:54:05,930 - INFO - License issued by ashton: AI-INV-955FBC2FA362 for AI-Investor Commercial User 16
2025-11-14 19:54:05,931 - INFO - Admin authenticated: ashton
2025-11-14 19:54:05,935 - INFO - License issued by ashton: AI-INV-38FDE20FFA39 for AI-Investor Commercial User 17
2025-11-14 19:54:05,936 - INFO - Admin authenticated: ashton
2025-11-14 19:54:05,944 - INFO - License issued by ashton: AI-INV-D7737D091284 for AI-Investor Commercial User 18
2025-11-14 19:54:05,946 - INFO - Admin authenticated: ashton
2025-11-14 19:54:05,956 - INFO - License issued by ashton: AI-INV-1F0C69AC1E07 for AI-Investor Commercial User 19
2025-11-14 19:54:05,956 - INFO - Admin authenticated: ashton
2025-11-14 19:54:05,959 - INFO - License issued by ashton: AI-INV-E14E108F32A4 for AI-Investor Commercial User 20
2025-11-14 19:54:05,959 - INFO - Admin authenticated: ashton
2025-11-14 19:54:05,963 - INFO - License issued by ashton: AI-INV-2D17FCAAC374 for AI-Investor Commercial User 21
2025-11-14 19:54:05,963 - INFO - Admin authenticated: ashton
2025-11-14 19:54:05,966 - INFO - License issued by ashton: AI-INV-DEC28CB998E8 for AI-Investor Commercial User 22
2025-11-14 19:54:05,966 - INFO - Admin authenticated: ashton
2025-11-14 19:54:05,969 - INFO - License issued by ashton: AI-INV-15551CE06C46 for AI-Investor Commercial User 23
2025-11-14 19:54:05,969 - INFO - Admin authenticated: ashton
2025-11-14 19:54:05,973 - INFO - License issued by ashton: AI-INV-7DA594EBABF7 for AI-Investor Commercial User 24
2025-11-14 19:54:05,973 - INFO - Admin authenticated: ashton
2025-11-14 19:54:05,976 - INFO - License issued by ashton: AI-INV-C553B1B09248 for AI-Investor Commercial User 25
2025-11-14 19:54:05,976 - INFO - Admin authenticated: ashton
2025-11-14 19:54:05,979 - INFO - License issued by ashton: AI-INV-1029B20F317D for AI-Investor Commercial User 26
2025-11-14 19:54:05,979 - INFO - Admin authenticated: ashton
2025-11-14 19:54:05,983 - INFO - License issued by ashton: AI-INV-F2567229AA0A for AI-Investor Commercial User 27
2025-11-14 19:54:05,983 - INFO - Admin authenticated: ashton
2025-11-14 19:54:05,986 - INFO - License issued by ashton: AI-INV-240A10773CB1 for AI-Investor Commercial User 28
2025-11-14 19:54:05,987 - INFO - Admin authenticated: ashton
2025-11-14 19:54:05,990 - INFO - License issued by ashton: AI-INV-0C821E2C8630 for AI-Investor Commercial User 29
2025-11-14 19:54:05,991 - INFO - Admin authenticated: ashton
2025-11-14 19:54:05,994 - INFO - License issued by ashton: AI-INV-EE117A197330 for AI-Investor Commercial User 30
2025-11-14 19:54:05,994 - INFO - Admin authenticated: ashton
2025-11-14 19:54:05,999 - INFO - License issued by ashton: AI-INV-C01F9A184997 for AI-Investor Commercial User 31
2025-11-14 19:54:05,999 - INFO - Admin authenticated: ashton
2025-11-14 19:54:06,003 - INFO - License issued by ashton: AI-INV-5BA8023C2682 for AI-Investor Commercial User 32
2025-11-14 19:54:06,003 - INFO - Admin authenticated: ashton
2025-11-14 19:54:06,006 - INFO - License issued by ashton: AI-INV-AC9BD6FBFF49 for AI-Investor Commercial User 33
2025-11-14 19:54:06,006 - INFO - Admin authenticated: ashton
2025-11-14 19:54:06,011 - INFO - License issued by ashton: AI-INV-25FB747425C9 for AI-Investor Commercial User 34
2025-11-14 19:54:06,011 - INFO - Admin authenticated: ashton
2025-11-14 19:54:06,016 - INFO - License issued by ashton: AI-INV-4DCDA7AB8DD0 for AI-Investor Commercial User 35
2025-11-14 19:54:06,016 - INFO - Admin authenticated: ashton
2025-11-14 19:54:06,020 - INFO - License issued by ashton: AI-INV-B086F2FF3F12 for AI-Investor Commercial User 36
2025-11-14 19:54:06,021 - INFO - Admin authenticated: ashton
2025-11-14 19:54:06,024 - INFO - License issued by ashton: AI-INV-FA2EA3D2B084 for AI-Investor Commercial User 37
2025-11-14 19:54:06,024 - INFO - Admin authenticated: ashton
2025-11-14 19:54:06,028 - INFO - License issued by ashton: AI-INV-849299E3AF83 for AI-Investor Commercial User 38
2025-11-14 19:54:06,028 - INFO - Admin authenticated: ashton
2025-11-14 19:54:06,031 - INFO - License issued by ashton: AI-INV-EEDC2B0E4A90 for AI-Investor Commercial User 39
2025-11-14 19:54:06,031 - INFO - Admin authenticated: ashton
2025-11-14 19:54:06,035 - INFO - License issued by ashton: AI-INV-4CC62DDB022B for AI-Investor Commercial User 40
2025-11-14 19:54:06,035 - INFO - Admin authenticated: ashton
2025-11-14 19:54:06,039 - INFO - License issued by ashton: AI-INV-833DD46AF94C for AI-Investor Commercial User 41
2025-11-14 19:54:06,039 - INFO - Admin authenticated: ashton
2025-11-14 19:54:06,043 - INFO - License issued by ashton: AI-INV-8140D51381A4 for AI-Investor Commercial User 42
2025-11-14 19:54:06,043 - INFO - Admin authenticated: ashton
2025-11-14 19:54:06,046 - INFO - License issued by ashton: AI-INV-93B0808F3601 for AI-Investor Commercial User 43
2025-11-14 19:54:06,046 - INFO - Admin authenticated: ashton
2025-11-14 19:54:06,050 - INFO - License issued by ashton: AI-INV-84BEAF687704 for AI-Investor Commercial User 44
2025-11-14 19:54:06,050 - INFO - Admin authenticated: ashton
2025-11-14 19:54:06,054 - INFO - License issued by ashton: AI-INV-DDAFF783BFDF for AI-Investor Commercial User 45
2025-11-14 19:54:06,054 - INFO - Admin authenticated: ashton
2025-11-14 19:54:06,057 - INFO - License issued by ashton: AI-INV-B3AA0DC2AD21 for AI-Investor Commercial User 46
2025-11-14 19:54:06,058 - INFO - Admin authenticated: ashton
2025-11-14 19:54:06,061 - INFO - License issued by ashton: AI-INV-518463592A98 for AI-Investor Commercial User 47
2025-11-14 19:54:06,062 - INFO - Admin authenticated: ashton
2025-11-14 19:54:06,065 - INFO - License issued by ashton: AI-INV-842C3CA78CE8 for AI-Investor Commercial User 48
2025-11-14 19:54:06,065 - INFO - Admin authenticated: ashton
2025-11-14 19:54:06,069 - INFO - License issued by ashton: AI-INV-C86461E9DF10 for AI-Investor Commercial User 49
2025-11-14 19:54:06,069 - INFO - Admin authenticated: ashton
2025-11-14 19:54:06,073 - INFO - License issued by ashton: AI-INV-257170D5C20A for AI-Investor Commercial User 50
2025-11-14 19:54:06,343 - INFO - Licenses exported to licenses/commercial_licenses.xlsx
2025-11-14 20:04:37,489 - INFO - Admin authenticated: ashton
2025-11-14 20:04:37,494 - INFO - Regular license issued by ashton: REG-C056C8C49BCD
2025-11-14 20:06:10,648 - INFO - Admin authenticated: ashton
2025-11-14 20:06:10,649 - INFO - Regular license issued by ashton: REG-388BF96E3C82
2025-11-14 20:06:10,649 - INFO - Admin authenticated: ashton
2025-11-14 20:06:10,650 - INFO - Regular license issued by ashton: REG-FB78CE5B7AEE
2025-11-14 20:06:10,650 - INFO - Admin authenticated: ashton
2025-11-14 20:06:10,650 - INFO - Regular license issued by ashton: REG-3C06AB7DD9C8
2025-11-14 20:06:10,650 - INFO - Admin authenticated: ashton
2025-11-14 20:06:10,650 - INFO - Regular license issued by ashton: REG-86F8BC2A9EAE
2025-11-14 20:06:10,650 - INFO - Admin authenticated: ashton
2025-11-14 20:06:10,650 - INFO - Regular license issued by ashton: REG-D904C21E320C
2025-11-14 20:06:10,650 - INFO - Admin authenticated: ashton
2025-11-14 20:06:10,650 - INFO - Regular license issued by ashton: REG-0419C23B4DF6
2025-11-14 20:06:10,651 - INFO - Admin authenticated: ashton
2025-11-14 20:06:10,651 - INFO - Regular license issued by ashton: REG-7E2E213B10E6
2025-11-14 20:06:10,651 - INFO - Admin authenticated: ashton
2025-11-14 20:06:10,651 - INFO - Regular license issued by ashton: REG-09E5ECB6710B
2025-11-14 20:06:10,651 - INFO - Admin authenticated: ashton
2025-11-14 20:06:10,651 - INFO - Regular license issued by ashton: REG-08DE7567904F
2025-11-14 20:06:10,651 - INFO - Admin authenticated: ashton
2025-11-14 20:06:10,651 - INFO - Regular license issued by ashton: REG-539844E32406
2025-11-14 20:06:10,651 - INFO - Admin authenticated: ashton
2025-11-14 20:06:10,652 - INFO - Regular license issued by ashton: REG-C47B3A97A3AA
2025-11-14 20:06:10,652 - INFO - Admin authenticated: ashton
2025-11-14 20:06:10,652 - INFO - Regular license issued by ashton: REG-E752EDE4E23D
2025-11-14 20:06:10,652 - INFO - Admin authenticated: ashton
2025-11-14 20:06:10,652 - INFO - Regular license issued by ashton: REG-EA701C8705D5
2025-11-14 20:06:10,652 - INFO - Admin authenticated: ashton
2025-11-14 20:06:10,652 - INFO - Regular license issued by ashton: REG-D574CABDA4CA
2025-11-14 20:06:10,652 - INFO - Admin authenticated: ashton
2025-11-14 20:06:10,653 - INFO - Regular license issued by ashton: REG-AA2E63A424EC
2025-11-14 20:06:10,653 - INFO - Admin authenticated: ashton
2025-11-14 20:06:10,653 - INFO - Regular license issued by ashton: REG-FAD7DD3702F7
2025-11-14 20:06:10,653 - INFO - Admin authenticated: ashton
2025-11-14 20:06:10,653 - INFO - Regular license issued by ashton: REG-9AA282966167
2025-11-14 20:06:10,653 - INFO - Admin authenticated: ashton
2025-11-14 20:06:10,653 - INFO - Regular license issued by ashton: REG-57D4FA0A9110
2025-11-14 20:06:10,653 - INFO - Admin authenticated: ashton
2025-11-14 20:06:10,654 - INFO - Regular license issued by ashton: REG-A620BB9F90AF
2025-11-14 20:06:10,654 - INFO - Admin authenticated: ashton
2025-11-14 20:06:10,654 - INFO - Regular license issued by ashton: REG-9319406B1AC4
2025-11-14 20:06:10,654 - INFO - Admin authenticated: ashton
2025-11-14 20:06:10,654 - INFO - Regular license issued by ashton: REG-BC96B5159734
2025-11-14 20:06:10,654 - INFO - Admin authenticated: ashton
2025-11-14 20:06:10,655 - INFO - Regular license issued by ashton: REG-F4D17C25DAD2
2025-11-14 20:06:10,655 - INFO - Admin authenticated: ashton
2025-11-14 20:06:10,655 - INFO - Regular license issued by ashton: REG-327A0560CBD7
2025-11-14 20:06:10,655 - INFO - Admin authenticated: ashton
2025-11-14 20:06:10,655 - INFO - Regular license issued by ashton: REG-FD3D19A69741
2025-11-14 20:06:10,655 - INFO - Admin authenticated: ashton
2025-11-14 20:06:10,656 - INFO - Regular license issued by ashton: REG-FCA0B5AF636B
2025-11-14 20:06:10,656 - INFO - Admin authenticated: ashton
2025-11-14 20:06:10,656 - INFO - Regular license issued by ashton: REG-FE51AF5FB47B
2025-11-14 20:06:10,656 - INFO - Admin authenticated: ashton
2025-11-14 20:06:10,656 - INFO - Regular license issued by ashton: REG-EFCF8CB93ACB
2025-11-14 20:06:10,657 - INFO - Admin authenticated: ashton
2025-11-14 20:06:10,657 - INFO - Regular license issued by ashton: REG-C5FD961B96BF
2025-11-14 20:06:10,657 - INFO - Admin authenticated: ashton
2025-11-14 20:06:10,657 - INFO - Regular license issued by ashton: REG-2D329ED666D6
2025-11-14 20:06:10,657 - INFO - Admin authenticated: ashton
2025-11-14 20:06:10,658 - INFO - Regular license issued by ashton: REG-46B5686F07CC
2025-11-14 20:06:10,658 - INFO - Admin authenticated: ashton
2025-11-14 20:06:10,658 - INFO - Regular license issued by ashton: REG-929BAE8AA0A9
2025-11-14 20:06:10,658 - INFO - Admin authenticated: ashton
2025-11-14 20:06:10,659 - INFO - Regular license issued by ashton: REG-2A21D49CD580
2025-11-14 20:06:10,659 - INFO - Admin authenticated: ashton
2025-11-14 20:06:10,659 - INFO - Regular license issued by ashton: REG-7C852A40F224
2025-11-14 20:06:10,659 - INFO - Admin authenticated: ashton
2025-11-14 20:06:10,659 - INFO - Regular license issued by ashton: REG-6A5D46F46C5F
2025-11-14 20:06:10,660 - INFO - Admin authenticated: ashton
2025-11-14 20:06:10,660 - INFO - Regular license issued by ashton: REG-47FF7264482F
2025-11-14 20:06:10,660 - INFO - Admin authenticated: ashton
2025-11-14 20:06:10,660 - INFO - Regular license issued by ashton: REG-06B6D493ACB7
2025-11-14 20:06:10,660 - INFO - Admin authenticated: ashton
2025-11-14 20:06:10,661 - INFO - Regular license issued by ashton: REG-7615ABA80531
2025-11-14 20:06:10,661 - INFO - Admin authenticated: ashton
2025-11-14 20:06:10,661 - INFO - Regular license issued by ashton: REG-EEB04D939632
2025-11-14 20:06:10,661 - INFO - Admin authenticated: ashton
2025-11-14 20:06:10,662 - INFO - Regular license issued by ashton: REG-7A1E6514BDFE
2025-11-14 20:06:10,662 - INFO - Admin authenticated: ashton
2025-11-14 20:06:10,662 - INFO - Regular license issued by ashton: REG-C757B5A21E09
2025-11-14 20:06:10,662 - INFO - Admin authenticated: ashton
2025-11-14 20:06:10,662 - INFO - Regular license issued by ashton: REG-0F770018B84F
2025-11-14 20:06:10,662 - INFO - Admin authenticated: ashton
2025-11-14 20:06:10,663 - INFO - Regular license issued by ashton: REG-E731784D8FBC
2025-11-14 20:06:10,663 - INFO - Admin authenticated: ashton
2025-11-14 20:06:10,663 - INFO - Regular license issued by ashton: REG-DD431971B4EE
2025-11-14 20:06:10,663 - INFO - Admin authenticated: ashton
2025-11-14 20:06:10,664 - INFO - Regular license issued by ashton: REG-D492F5D84581
2025-11-14 20:06:10,664 - INFO - Admin authenticated: ashton
2025-11-14 20:06:10,664 - INFO - Regular license issued by ashton: REG-B578452CF499
2025-11-14 20:06:10,664 - INFO - Admin authenticated: ashton
2025-11-14 20:06:10,665 - INFO - Regular license issued by ashton: REG-A1486744347F
2025-11-14 20:06:10,665 - INFO - Admin authenticated: ashton
2025-11-14 20:06:10,665 - INFO - Regular license issued by ashton: REG-85F0F466C504
2025-11-14 20:06:10,665 - INFO - Admin authenticated: ashton
2025-11-14 20:06:10,665 - INFO - Regular license issued by ashton: REG-7C1D489A8D68
2025-11-14 20:06:10,665 - INFO - Admin authenticated: ashton
2025-11-14 20:06:10,666 - INFO - Regular license issued by ashton: REG-703DF30D16BB
2025-11-14 20:06:10,666 - INFO - Admin authenticated: ashton
2025-11-14 20:06:10,666 - INFO - Regular license issued by ashton: REG-F448339FC677
